Flow report for DE1_SOC_D8M_SDRAM
Thu Mar 17 13:19:00 2022
Quartus Prime Version 19.1.0 Build 670 09/22/2019 SJ Lite Edition


---------------------
; Table of Contents ;
---------------------
  1. Legal Notice
  2. Flow Summary
  3. Flow Settings
  4. Flow Non-Default Global Settings
  5. Flow Elapsed Time
  6. Flow OS Summary
  7. Flow Log
  8. Flow Messages
  9. Flow Suppressed Messages



----------------
; Legal Notice ;
----------------
Copyright (C) 2019  Intel Corporation. All rights reserved.
Your use of Intel Corporation's design tools, logic functions 
and other software and tools, and any partner logic 
functions, and any output files from any of the foregoing 
(including device programming or simulation files), and any 
associated documentation or information are expressly subject 
to the terms and conditions of the Intel Program License 
Subscription Agreement, the Intel Quartus Prime License Agreement,
the Intel FPGA IP License Agreement, or other applicable license
agreement, including, without limitation, that your use is for
the sole purpose of programming logic devices manufactured by
Intel and sold by Intel or its authorized distributors.  Please
refer to the applicable agreement for further details, at
https://fpgasoftware.intel.com/eula.



+-------------------------------------------------------------------------------+
; Flow Summary                                                                  ;
+---------------------------------+---------------------------------------------+
; Flow Status                     ; Successful - Thu Mar 17 13:17:50 2022       ;
; Quartus Prime Version           ; 19.1.0 Build 670 09/22/2019 SJ Lite Edition ;
; Revision Name                   ; DE1_SOC_D8M_SDRAM                           ;
; Top-level Entity Name           ; DE1_SOC_D8M_SDRAM                           ;
; Family                          ; Cyclone V                                   ;
; Device                          ; 5CSEMA5F31C6                                ;
; Timing Models                   ; Final                                       ;
; Logic utilization (in ALMs)     ; 4,022 / 32,070 ( 13 % )                     ;
; Total registers                 ; 7354                                        ;
; Total pins                      ; 190 / 457 ( 42 % )                          ;
; Total virtual pins              ; 0                                           ;
; Total block memory bits         ; 1,051,786 / 4,065,280 ( 26 % )              ;
; Total DSP Blocks                ; 7 / 87 ( 8 % )                              ;
; Total HSSI RX PCSs              ; 0                                           ;
; Total HSSI PMA RX Deserializers ; 0                                           ;
; Total HSSI TX PCSs              ; 0                                           ;
; Total HSSI PMA TX Serializers   ; 0                                           ;
; Total PLLs                      ; 1 / 6 ( 17 % )                              ;
; Total DLLs                      ; 0 / 4 ( 0 % )                               ;
+---------------------------------+---------------------------------------------+


+-----------------------------------------+
; Flow Settings                           ;
+-------------------+---------------------+
; Option            ; Setting             ;
+-------------------+---------------------+
; Start date & time ; 03/17/2022 13:06:40 ;
; Main task         ; Compilation         ;
; Revision Name     ; DE1_SOC_D8M_SDRAM   ;
+-------------------+---------------------+


+-----------------------------------------------------------------------------------------------------------------------------------------+
; Flow Non-Default Global Settings                                                                                                        ;
+-------------------------------------+--------------------------------------------------------+---------------+-------------+------------+
; Assignment Name                     ; Value                                                  ; Default Value ; Entity Name ; Section Id ;
+-------------------------------------+--------------------------------------------------------+---------------+-------------+------------+
; COMPILER_SIGNATURE_ID               ; 10995770589199.164754760023496                         ; --            ; --          ; --         ;
; ENABLE_SIGNALTAP                    ; Off                                                    ; --            ; --          ; --         ;
; MAX_CORE_JUNCTION_TEMP              ; 85                                                     ; --            ; --          ; --         ;
; MIN_CORE_JUNCTION_TEMP              ; 0                                                      ; --            ; --          ; --         ;
; MISC_FILE                           ; Qsys/synthesis/../Qsys.cmp                             ; --            ; --          ; --         ;
; MISC_FILE                           ; Qsys/synthesis/../../Qsys.qsys                         ; --            ; --          ; --         ;
; OUTPUT_IO_TIMING_FAR_END_VMEAS      ; Half Signal Swing                                      ; --            ; --          ; --         ;
; OUTPUT_IO_TIMING_FAR_END_VMEAS      ; Half Signal Swing                                      ; --            ; --          ; --         ;
; OUTPUT_IO_TIMING_NEAR_END_VMEAS     ; Half Vccio                                             ; --            ; --          ; --         ;
; OUTPUT_IO_TIMING_NEAR_END_VMEAS     ; Half Vccio                                             ; --            ; --          ; --         ;
; PARTITION_COLOR                     ; -- (Not supported for targeted family)                 ; --            ; --          ; Top        ;
; PARTITION_FITTER_PRESERVATION_LEVEL ; -- (Not supported for targeted family)                 ; --            ; --          ; Top        ;
; PARTITION_NETLIST_TYPE              ; -- (Not supported for targeted family)                 ; --            ; --          ; Top        ;
; POWER_BOARD_THERMAL_MODEL           ; None (CONSERVATIVE)                                    ; --            ; --          ; --         ;
; POWER_PRESET_COOLING_SOLUTION       ; 23 MM HEAT SINK WITH 200 LFPM AIRFLOW                  ; --            ; --          ; --         ;
; PROJECT_OUTPUT_DIRECTORY            ; output_files                                           ; --            ; --          ; --         ;
; SLD_FILE                            ; Qsys/synthesis/Qsys.regmap                             ; --            ; --          ; --         ;
; SLD_FILE                            ; Qsys/synthesis/Qsys.debuginfo                          ; --            ; --          ; --         ;
; SLD_INFO                            ; QSYS_NAME Qsys HAS_SOPCINFO 1 GENERATION_ID 1647547435 ; --            ; Qsys        ; --         ;
; SOPCINFO_FILE                       ; Qsys/synthesis/../../Qsys.sopcinfo                     ; --            ; --          ; --         ;
; SYNTHESIS_ONLY_QIP                  ; On                                                     ; --            ; --          ; --         ;
; USE_SIGNALTAP_FILE                  ; stp1.stp                                               ; --            ; --          ; --         ;
+-------------------------------------+--------------------------------------------------------+---------------+-------------+------------+


+--------------------------------------------------------------------------------------------------------------------------+
; Flow Elapsed Time                                                                                                        ;
+----------------------+--------------+-------------------------+---------------------+------------------------------------+
; Module Name          ; Elapsed Time ; Average Processors Used ; Peak Virtual Memory ; Total CPU Time (on all processors) ;
+----------------------+--------------+-------------------------+---------------------+------------------------------------+
; Analysis & Synthesis ; 00:02:23     ; 1.3                     ; 5191 MB             ; 00:03:25                           ;
; Fitter               ; 00:07:29     ; 1.3                     ; 7074 MB             ; 00:14:56                           ;
; Assembler            ; 00:00:40     ; 1.0                     ; 4966 MB             ; 00:00:33                           ;
; Timing Analyzer      ; 00:01:07     ; 2.2                     ; 5518 MB             ; 00:02:20                           ;
; Total                ; 00:11:39     ; --                      ; --                  ; 00:21:14                           ;
+----------------------+--------------+-------------------------+---------------------+------------------------------------+


+------------------------------------------------------------------------------------+
; Flow OS Summary                                                                    ;
+----------------------+------------------+------------+------------+----------------+
; Module Name          ; Machine Hostname ; OS Name    ; OS Version ; Processor type ;
+----------------------+------------------+------------+------------+----------------+
; Analysis & Synthesis ; DESKTOP-9884MIC  ; Windows 10 ; 10.0       ; x86_64         ;
; Fitter               ; DESKTOP-9884MIC  ; Windows 10 ; 10.0       ; x86_64         ;
; Assembler            ; DESKTOP-9884MIC  ; Windows 10 ; 10.0       ; x86_64         ;
; Timing Analyzer      ; DESKTOP-9884MIC  ; Windows 10 ; 10.0       ; x86_64         ;
+----------------------+------------------+------------+------------+----------------+


------------
; Flow Log ;
------------
quartus_map --read_settings_files=on --write_settings_files=off DE1_SOC_D8M_SDRAM -c DE1_SOC_D8M_SDRAM
quartus_fit --read_settings_files=off --write_settings_files=off DE1_SOC_D8M_SDRAM -c DE1_SOC_D8M_SDRAM
quartus_asm --read_settings_files=off --write_settings_files=off DE1_SOC_D8M_SDRAM -c DE1_SOC_D8M_SDRAM
quartus_sta DE1_SOC_D8M_SDRAM -c DE1_SOC_D8M_SDRAM



