Assembler report for DE1_SOC_D8M_SDRAM
Thu Mar 17 13:17:50 2022
Quartus Prime Version 19.1.0 Build 670 09/22/2019 SJ Lite Edition


---------------------
; Table of Contents ;
---------------------
  1. Legal Notice
  2. Assembler Summary
  3. Assembler Settings
  4. Assembler Encrypted IP Cores Summary
  5. Assembler Generated Files
  6. Assembler Device Options: C:/Users/Vicky/Desktop/camera/DE1_SOC_D8M_VIP/output_files/DE1_SOC_D8M_SDRAM_time_limited.sof
  7. Assembler Messages



----------------
; Legal Notice ;
----------------
Copyright (C) 2019  Intel Corporation. All rights reserved.
Your use of Intel Corporation's design tools, logic functions 
and other software and tools, and any partner logic 
functions, and any output files from any of the foregoing 
(including device programming or simulation files), and any 
associated documentation or information are expressly subject 
to the terms and conditions of the Intel Program License 
Subscription Agreement, the Intel Quartus Prime License Agreement,
the Intel FPGA IP License Agreement, or other applicable license
agreement, including, without limitation, that your use is for
the sole purpose of programming logic devices manufactured by
Intel and sold by Intel or its authorized distributors.  Please
refer to the applicable agreement for further details, at
https://fpgasoftware.intel.com/eula.



+---------------------------------------------------------------+
; Assembler Summary                                             ;
+-----------------------+---------------------------------------+
; Assembler Status      ; Successful - Thu Mar 17 13:17:50 2022 ;
; Revision Name         ; DE1_SOC_D8M_SDRAM                     ;
; Top-level Entity Name ; DE1_SOC_D8M_SDRAM                     ;
; Family                ; Cyclone V                             ;
; Device                ; 5CSEMA5F31C6                          ;
+-----------------------+---------------------------------------+


+----------------------------------+
; Assembler Settings               ;
+--------+---------+---------------+
; Option ; Setting ; Default Value ;
+--------+---------+---------------+


+----------------------------------------------------------------------------------+
; Assembler Encrypted IP Cores Summary                                             ;
+--------+---------------------------------------------------------+---------------+
; Vendor ; IP Core Name                                            ; License Type  ;
+--------+---------------------------------------------------------+---------------+
; Altera ; Nios II Embedded Processor Encrypted output (6AF7 00A2) ; OpenCore Plus ;
; Altera ; Video and Image Processing Suite (6AF7 00EE)            ; OpenCore Plus ;
; Altera ; Signal Tap (6AF7 BCE1)                                  ; Licensed      ;
; Altera ; Signal Tap (6AF7 BCEC)                                  ; Licensed      ;
; Altera ; Unknown (6AF7 FFFF)                                     ; Licensed      ;
+--------+---------------------------------------------------------+---------------+


+-----------------------------------------------------------------------------------------------+
; Assembler Generated Files                                                                     ;
+-----------------------------------------------------------------------------------------------+
; File Name                                                                                     ;
+-----------------------------------------------------------------------------------------------+
; C:/Users/Vicky/Desktop/camera/DE1_SOC_D8M_VIP/output_files/DE1_SOC_D8M_SDRAM_time_limited.sof ;
+-----------------------------------------------------------------------------------------------+


+-------------------------------------------------------------------------------------------------------------------------+
; Assembler Device Options: C:/Users/Vicky/Desktop/camera/DE1_SOC_D8M_VIP/output_files/DE1_SOC_D8M_SDRAM_time_limited.sof ;
+----------------+--------------------------------------------------------------------------------------------------------+
; Option         ; Setting                                                                                                ;
+----------------+--------------------------------------------------------------------------------------------------------+
; JTAG usercode  ; 0x0422568B                                                                                             ;
; Checksum       ; 0x0422568B                                                                                             ;
+----------------+--------------------------------------------------------------------------------------------------------+


+--------------------+
; Assembler Messages ;
+--------------------+
Info: *******************************************************************
Info: Running Quartus Prime Assembler
    Info: Version 19.1.0 Build 670 09/22/2019 SJ Lite Edition
    Info: Processing started: Thu Mar 17 13:17:10 2022
Info: Command: quartus_asm --read_settings_files=off --write_settings_files=off DE1_SOC_D8M_SDRAM -c DE1_SOC_D8M_SDRAM
Warning (18236): Number of processors has not been specified which may cause overloading on shared machines.  Set the global assignment NUM_PARALLEL_PROCESSORS in your QSF to an appropriate value for best performance.
Info (115030): Assembler is generating device programming files
Info (115017): Design contains a time-limited core -- only a single, time-limited programming file can be generated
Warning (210042): Can't convert time-limited SOF into POF, HEX File, TTF, or RBF
Info: Quartus Prime Assembler was successful. 0 errors, 2 warnings
    Info: Peak virtual memory: 4966 megabytes
    Info: Processing ended: Thu Mar 17 13:17:51 2022
    Info: Elapsed time: 00:00:41
    Info: Total CPU time (on all processors): 00:00:34


