Info: Starting: Create block symbol file (.bsf)
Info: qsys-generate C:\Users\Vicky\Desktop\camera\DE1_SOC_D8M_VIP\Qsys.qsys --block-symbol-file --output-directory=C:\Users\Vicky\Desktop\camera\DE1_SOC_D8M_VIP\Qsys --family="Cyclone V" --part=5CSEMA5F31C6
Progress: Loading DE1_SOC_D8M_VIP/Qsys.qsys
Progress: Reading input file
Progress: Adding TERASIC_AUTO_FOCUS_0 [TERASIC_AUTO_FOCUS 1.0]
Progress: Parameterizing module TERASIC_AUTO_FOCUS_0
Progress: Adding TERASIC_CAMERA_0 [TERASIC_CAMERA 1.0]
Progress: Parameterizing module TERASIC_CAMERA_0
Progress: Adding alt_vip_itc_0 [alt_vip_cl_cvo 19.1]
Progress: Parameterizing module alt_vip_itc_0
Progress: Adding alt_vip_vfb_0 [alt_vip_cl_vfb 19.1]
Progress: Parameterizing module alt_vip_vfb_0
Progress: Adding clk_50 [clock_source 19.1]
Progress: Parameterizing module clk_50
Progress: Adding i2c_opencores_camera [i2c_opencores 12.0]
Progress: Parameterizing module i2c_opencores_camera
Progress: Adding i2c_opencores_mipi [i2c_opencores 12.0]
Progress: Parameterizing module i2c_opencores_mipi
Progress: Adding jtag_uart [altera_avalon_jtag_uart 19.1]
Progress: Parameterizing module jtag_uart
Progress: Adding key [altera_avalon_pio 19.1]
Progress: Parameterizing module key
Progress: Adding led [altera_avalon_pio 19.1]
Progress: Parameterizing module led
Progress: Adding mipi_pwdn_n [altera_avalon_pio 19.1]
Progress: Parameterizing module mipi_pwdn_n
Progress: Adding mipi_reset_n [altera_avalon_pio 19.1]
Progress: Parameterizing module mipi_reset_n
Progress: Adding nios2_gen2 [altera_nios2_gen2 19.1]
Progress: Parameterizing module nios2_gen2
Progress: Adding onchip_memory2_0 [altera_avalon_onchip_memory2 19.1]
Progress: Parameterizing module onchip_memory2_0
Progress: Adding pll_sys [altera_pll 19.1]
Progress: Parameterizing module pll_sys
Progress: Adding sdram [altera_avalon_new_sdram_controller 19.1]
Progress: Parameterizing module sdram
Progress: Adding sw [altera_avalon_pio 19.1]
Progress: Parameterizing module sw
Progress: Adding sysid_qsys [altera_avalon_sysid_qsys 19.1]
Progress: Parameterizing module sysid_qsys
Progress: Adding timer [altera_avalon_timer 19.1]
Progress: Parameterizing module timer
Progress: Building connections
Progress: Parameterizing connections
Progress: Validating
Progress: Done reading input file
Info: Qsys.alt_vip_vfb_0: Buffer 2 frames, storage required is 1800 kB (0x00000000 to 0x001c2000)
Info: Qsys.jtag_uart: JTAG UART IP input clock need to be at least double (2x) the operating frequency of JTAG TCK on board
Info: Qsys.key: PIO inputs are not hardwired in test bench. Undefined values will be read from PIO inputs during simulation.
Info: Qsys.pll_sys: The legal reference clock frequency is 5.0 MHz..800.0 MHz
Info: Qsys.pll_sys: Able to implement PLL with user settings
Info: Qsys.sdram: SDRAM Controller will only be supported in Quartus Prime Standard Edition in the future release.
Info: Qsys.sw: PIO inputs are not hardwired in test bench. Undefined values will be read from PIO inputs during simulation.
Info: Qsys.sysid_qsys: System ID is not assigned automatically. Edit the System ID parameter to provide a unique ID
Info: Qsys.sysid_qsys: Time stamp will be automatically updated when this component is generated.
Info: qsys-generate succeeded.
Info: Finished: Create block symbol file (.bsf)
Info: 
Info: Starting: Create HDL design files for synthesis
Info: qsys-generate C:\Users\Vicky\Desktop\camera\DE1_SOC_D8M_VIP\Qsys.qsys --synthesis=VERILOG --output-directory=C:\Users\Vicky\Desktop\camera\DE1_SOC_D8M_VIP\Qsys\synthesis --family="Cyclone V" --part=5CSEMA5F31C6
Progress: Loading DE1_SOC_D8M_VIP/Qsys.qsys
Progress: Reading input file
Progress: Adding TERASIC_AUTO_FOCUS_0 [TERASIC_AUTO_FOCUS 1.0]
Progress: Parameterizing module TERASIC_AUTO_FOCUS_0
Progress: Adding TERASIC_CAMERA_0 [TERASIC_CAMERA 1.0]
Progress: Parameterizing module TERASIC_CAMERA_0
Progress: Adding alt_vip_itc_0 [alt_vip_cl_cvo 19.1]
Progress: Parameterizing module alt_vip_itc_0
Progress: Adding alt_vip_vfb_0 [alt_vip_cl_vfb 19.1]
Progress: Parameterizing module alt_vip_vfb_0
Progress: Adding clk_50 [clock_source 19.1]
Progress: Parameterizing module clk_50
Progress: Adding i2c_opencores_camera [i2c_opencores 12.0]
Progress: Parameterizing module i2c_opencores_camera
Progress: Adding i2c_opencores_mipi [i2c_opencores 12.0]
Progress: Parameterizing module i2c_opencores_mipi
Progress: Adding jtag_uart [altera_avalon_jtag_uart 19.1]
Progress: Parameterizing module jtag_uart
Progress: Adding key [altera_avalon_pio 19.1]
Progress: Parameterizing module key
Progress: Adding led [altera_avalon_pio 19.1]
Progress: Parameterizing module led
Progress: Adding mipi_pwdn_n [altera_avalon_pio 19.1]
Progress: Parameterizing module mipi_pwdn_n
Progress: Adding mipi_reset_n [altera_avalon_pio 19.1]
Progress: Parameterizing module mipi_reset_n
Progress: Adding nios2_gen2 [altera_nios2_gen2 19.1]
Progress: Parameterizing module nios2_gen2
Progress: Adding onchip_memory2_0 [altera_avalon_onchip_memory2 19.1]
Progress: Parameterizing module onchip_memory2_0
Progress: Adding pll_sys [altera_pll 19.1]
Progress: Parameterizing module pll_sys
Progress: Adding sdram [altera_avalon_new_sdram_controller 19.1]
Progress: Parameterizing module sdram
Progress: Adding sw [altera_avalon_pio 19.1]
Progress: Parameterizing module sw
Progress: Adding sysid_qsys [altera_avalon_sysid_qsys 19.1]
Progress: Parameterizing module sysid_qsys
Progress: Adding timer [altera_avalon_timer 19.1]
Progress: Parameterizing module timer
Progress: Building connections
Progress: Parameterizing connections
Progress: Validating
Progress: Done reading input file
Info: Qsys.alt_vip_vfb_0: Buffer 2 frames, storage required is 1800 kB (0x00000000 to 0x001c2000)
Info: Qsys.jtag_uart: JTAG UART IP input clock need to be at least double (2x) the operating frequency of JTAG TCK on board
Info: Qsys.key: PIO inputs are not hardwired in test bench. Undefined values will be read from PIO inputs during simulation.
Info: Qsys.pll_sys: The legal reference clock frequency is 5.0 MHz..800.0 MHz
Info: Qsys.pll_sys: Able to implement PLL with user settings
Info: Qsys.sdram: SDRAM Controller will only be supported in Quartus Prime Standard Edition in the future release.
Info: Qsys.sw: PIO inputs are not hardwired in test bench. Undefined values will be read from PIO inputs during simulation.
Info: Qsys.sysid_qsys: System ID is not assigned automatically. Edit the System ID parameter to provide a unique ID
Info: Qsys.sysid_qsys: Time stamp will be automatically updated when this component is generated.
Info: Qsys: Generating Qsys "Qsys" for QUARTUS_SYNTH
Info: Inserting clock-crossing logic between cmd_demux.src5 and cmd_mux_005.sink0
Info: Inserting clock-crossing logic between rsp_demux_005.src0 and rsp_mux.sink5
Info: TERASIC_AUTO_FOCUS_0: "Qsys" instantiated TERASIC_AUTO_FOCUS "TERASIC_AUTO_FOCUS_0"
Info: TERASIC_CAMERA_0: "Qsys" instantiated TERASIC_CAMERA "TERASIC_CAMERA_0"
Info: alt_vip_itc_0: "Qsys" instantiated alt_vip_cl_cvo "alt_vip_itc_0"
Info: alt_vip_vfb_0: "Qsys" instantiated alt_vip_cl_vfb "alt_vip_vfb_0"
Info: i2c_opencores_camera: "Qsys" instantiated i2c_opencores "i2c_opencores_camera"
Info: jtag_uart: Starting RTL generation for module 'Qsys_jtag_uart'
Info: jtag_uart:   Generation command is [exec C:/intelfpga_lite/19.1/quartus/bin64/perl/bin/perl.exe -I C:/intelfpga_lite/19.1/quartus/sopc_builder/bin/europa -I C:/intelfpga_lite/19.1/quartus/sopc_builder/bin -I C:/intelfpga_lite/19.1/quartus/../ip/altera/sopc_builder_ip/common -I C:/intelfpga_lite/19.1/quartus/../ip/altera/sopc_builder_ip/altera_avalon_jtag_uart -- C:/intelfpga_lite/19.1/quartus/../ip/altera/sopc_builder_ip/altera_avalon_jtag_uart/generate_rtl.pl --name=Qsys_jtag_uart --dir=C:/Users/Vicky/AppData/Local/Temp/alt9068_1637673648052697271.dir/0010_jtag_uart_gen/ --quartus_dir=C:/intelfpga_lite/19.1/quartus --verilog --config=C:/Users/Vicky/AppData/Local/Temp/alt9068_1637673648052697271.dir/0010_jtag_uart_gen//Qsys_jtag_uart_component_configuration.pl  --do_build_sim=0  ]
Info: jtag_uart: Done RTL generation for module 'Qsys_jtag_uart'
Info: jtag_uart: "Qsys" instantiated altera_avalon_jtag_uart "jtag_uart"
Info: key: Starting RTL generation for module 'Qsys_key'
Info: key:   Generation command is [exec C:/intelfpga_lite/19.1/quartus/bin64/perl/bin/perl.exe -I C:/intelfpga_lite/19.1/quartus/sopc_builder/bin/europa -I C:/intelfpga_lite/19.1/quartus/sopc_builder/bin -I C:/intelfpga_lite/19.1/quartus/../ip/altera/sopc_builder_ip/common -I C:/intelfpga_lite/19.1/quartus/../ip/altera/sopc_builder_ip/altera_avalon_pio -- C:/intelfpga_lite/19.1/quartus/../ip/altera/sopc_builder_ip/altera_avalon_pio/generate_rtl.pl --name=Qsys_key --dir=C:/Users/Vicky/AppData/Local/Temp/alt9068_1637673648052697271.dir/0011_key_gen/ --quartus_dir=C:/intelfpga_lite/19.1/quartus --verilog --config=C:/Users/Vicky/AppData/Local/Temp/alt9068_1637673648052697271.dir/0011_key_gen//Qsys_key_component_configuration.pl  --do_build_sim=0  ]
Info: key: Done RTL generation for module 'Qsys_key'
Info: key: "Qsys" instantiated altera_avalon_pio "key"
Info: led: Starting RTL generation for module 'Qsys_led'
Info: led:   Generation command is [exec C:/intelfpga_lite/19.1/quartus/bin64/perl/bin/perl.exe -I C:/intelfpga_lite/19.1/quartus/sopc_builder/bin/europa -I C:/intelfpga_lite/19.1/quartus/sopc_builder/bin -I C:/intelfpga_lite/19.1/quartus/../ip/altera/sopc_builder_ip/common -I C:/intelfpga_lite/19.1/quartus/../ip/altera/sopc_builder_ip/altera_avalon_pio -- C:/intelfpga_lite/19.1/quartus/../ip/altera/sopc_builder_ip/altera_avalon_pio/generate_rtl.pl --name=Qsys_led --dir=C:/Users/Vicky/AppData/Local/Temp/alt9068_1637673648052697271.dir/0012_led_gen/ --quartus_dir=C:/intelfpga_lite/19.1/quartus --verilog --config=C:/Users/Vicky/AppData/Local/Temp/alt9068_1637673648052697271.dir/0012_led_gen//Qsys_led_component_configuration.pl  --do_build_sim=0  ]
Info: led: Done RTL generation for module 'Qsys_led'
Info: led: "Qsys" instantiated altera_avalon_pio "led"
Info: mipi_pwdn_n: Starting RTL generation for module 'Qsys_mipi_pwdn_n'
Info: mipi_pwdn_n:   Generation command is [exec C:/intelfpga_lite/19.1/quartus/bin64/perl/bin/perl.exe -I C:/intelfpga_lite/19.1/quartus/sopc_builder/bin/europa -I C:/intelfpga_lite/19.1/quartus/sopc_builder/bin -I C:/intelfpga_lite/19.1/quartus/../ip/altera/sopc_builder_ip/common -I C:/intelfpga_lite/19.1/quartus/../ip/altera/sopc_builder_ip/altera_avalon_pio -- C:/intelfpga_lite/19.1/quartus/../ip/altera/sopc_builder_ip/altera_avalon_pio/generate_rtl.pl --name=Qsys_mipi_pwdn_n --dir=C:/Users/Vicky/AppData/Local/Temp/alt9068_1637673648052697271.dir/0013_mipi_pwdn_n_gen/ --quartus_dir=C:/intelfpga_lite/19.1/quartus --verilog --config=C:/Users/Vicky/AppData/Local/Temp/alt9068_1637673648052697271.dir/0013_mipi_pwdn_n_gen//Qsys_mipi_pwdn_n_component_configuration.pl  --do_build_sim=0  ]
Info: mipi_pwdn_n: Done RTL generation for module 'Qsys_mipi_pwdn_n'
Info: mipi_pwdn_n: "Qsys" instantiated altera_avalon_pio "mipi_pwdn_n"
Info: nios2_gen2: "Qsys" instantiated altera_nios2_gen2 "nios2_gen2"
Info: onchip_memory2_0: Starting RTL generation for module 'Qsys_onchip_memory2_0'
Info: onchip_memory2_0:   Generation command is [exec C:/intelfpga_lite/19.1/quartus/bin64/perl/bin/perl.exe -I C:/intelfpga_lite/19.1/quartus/sopc_builder/bin/europa -I C:/intelfpga_lite/19.1/quartus/sopc_builder/bin -I C:/intelfpga_lite/19.1/quartus/../ip/altera/sopc_builder_ip/common -I C:/intelfpga_lite/19.1/quartus/../ip/altera/sopc_builder_ip/altera_avalon_onchip_memory2 -- C:/intelfpga_lite/19.1/quartus/../ip/altera/sopc_builder_ip/altera_avalon_onchip_memory2/generate_rtl.pl --name=Qsys_onchip_memory2_0 --dir=C:/Users/Vicky/AppData/Local/Temp/alt9068_1637673648052697271.dir/0014_onchip_memory2_0_gen/ --quartus_dir=C:/intelfpga_lite/19.1/quartus --verilog --config=C:/Users/Vicky/AppData/Local/Temp/alt9068_1637673648052697271.dir/0014_onchip_memory2_0_gen//Qsys_onchip_memory2_0_component_configuration.pl  --do_build_sim=0  ]
Info: onchip_memory2_0: Done RTL generation for module 'Qsys_onchip_memory2_0'
Info: onchip_memory2_0: "Qsys" instantiated altera_avalon_onchip_memory2 "onchip_memory2_0"
Info: pll_sys: "Qsys" instantiated altera_pll "pll_sys"
Info: sdram: Starting RTL generation for module 'Qsys_sdram'
Info: sdram:   Generation command is [exec C:/intelfpga_lite/19.1/quartus/bin64/perl/bin/perl.exe -I C:/intelfpga_lite/19.1/quartus/sopc_builder/bin/europa -I C:/intelfpga_lite/19.1/quartus/sopc_builder/bin -I C:/intelfpga_lite/19.1/quartus/../ip/altera/sopc_builder_ip/common -I C:/intelfpga_lite/19.1/quartus/../ip/altera/sopc_builder_ip/altera_avalon_new_sdram_controller -- C:/intelfpga_lite/19.1/quartus/../ip/altera/sopc_builder_ip/altera_avalon_new_sdram_controller/generate_rtl.pl --name=Qsys_sdram --dir=C:/Users/Vicky/AppData/Local/Temp/alt9068_1637673648052697271.dir/0016_sdram_gen/ --quartus_dir=C:/intelfpga_lite/19.1/quartus --verilog --config=C:/Users/Vicky/AppData/Local/Temp/alt9068_1637673648052697271.dir/0016_sdram_gen//Qsys_sdram_component_configuration.pl  --do_build_sim=0  ]
Info: sdram: Done RTL generation for module 'Qsys_sdram'
Info: sdram: "Qsys" instantiated altera_avalon_new_sdram_controller "sdram"
Info: sw: Starting RTL generation for module 'Qsys_sw'
Info: sw:   Generation command is [exec C:/intelfpga_lite/19.1/quartus/bin64/perl/bin/perl.exe -I C:/intelfpga_lite/19.1/quartus/sopc_builder/bin/europa -I C:/intelfpga_lite/19.1/quartus/sopc_builder/bin -I C:/intelfpga_lite/19.1/quartus/../ip/altera/sopc_builder_ip/common -I C:/intelfpga_lite/19.1/quartus/../ip/altera/sopc_builder_ip/altera_avalon_pio -- C:/intelfpga_lite/19.1/quartus/../ip/altera/sopc_builder_ip/altera_avalon_pio/generate_rtl.pl --name=Qsys_sw --dir=C:/Users/Vicky/AppData/Local/Temp/alt9068_1637673648052697271.dir/0017_sw_gen/ --quartus_dir=C:/intelfpga_lite/19.1/quartus --verilog --config=C:/Users/Vicky/AppData/Local/Temp/alt9068_1637673648052697271.dir/0017_sw_gen//Qsys_sw_component_configuration.pl  --do_build_sim=0  ]
Info: sw: Done RTL generation for module 'Qsys_sw'
Info: sw: "Qsys" instantiated altera_avalon_pio "sw"
Info: sysid_qsys: "Qsys" instantiated altera_avalon_sysid_qsys "sysid_qsys"
Info: timer: Starting RTL generation for module 'Qsys_timer'
Info: timer:   Generation command is [exec C:/intelFPGA_lite/19.1/quartus/bin64//perl/bin/perl.exe -I C:/intelfpga_lite/19.1/quartus/sopc_builder/bin/europa -I C:/intelfpga_lite/19.1/quartus/sopc_builder/bin -I C:/intelfpga_lite/19.1/quartus/../ip/altera/sopc_builder_ip/common -I C:/intelfpga_lite/19.1/quartus/../ip/altera/sopc_builder_ip/altera_avalon_timer -- C:/intelfpga_lite/19.1/quartus/../ip/altera/sopc_builder_ip/altera_avalon_timer/generate_rtl.pl --name=Qsys_timer --dir=C:/Users/Vicky/AppData/Local/Temp/alt9068_1637673648052697271.dir/0019_timer_gen/ --quartus_dir=C:/intelfpga_lite/19.1/quartus --verilog --config=C:/Users/Vicky/AppData/Local/Temp/alt9068_1637673648052697271.dir/0019_timer_gen//Qsys_timer_component_configuration.pl  --do_build_sim=0  ]
Info: timer: Done RTL generation for module 'Qsys_timer'
Info: timer: "Qsys" instantiated altera_avalon_timer "timer"
Info: avalon_st_adapter: Inserting error_adapter: error_adapter_0
Info: avalon_st_adapter_001: Inserting error_adapter: error_adapter_0
Info: avalon_st_adapter_002: Inserting error_adapter: error_adapter_0
Info: avalon_st_adapter_003: Inserting error_adapter: error_adapter_0
Info: avalon_st_adapter_004: Inserting error_adapter: error_adapter_0
Info: avalon_st_adapter_005: Inserting error_adapter: error_adapter_0
Info: avalon_st_adapter_006: Inserting error_adapter: error_adapter_0
Info: avalon_st_adapter_007: Inserting error_adapter: error_adapter_0
Info: avalon_st_adapter_008: Inserting error_adapter: error_adapter_0
Info: avalon_st_adapter_009: Inserting error_adapter: error_adapter_0
Info: avalon_st_adapter_010: Inserting error_adapter: error_adapter_0
Info: avalon_st_adapter_011: Inserting error_adapter: error_adapter_0
Info: avalon_st_adapter_012: Inserting error_adapter: error_adapter_0
Info: mm_interconnect_0: "Qsys" instantiated altera_mm_interconnect "mm_interconnect_0"
Info: avalon_st_adapter: Inserting error_adapter: error_adapter_0
Info: mm_interconnect_1: "Qsys" instantiated altera_mm_interconnect "mm_interconnect_1"
Info: irq_mapper: "Qsys" instantiated altera_irq_mapper "irq_mapper"
Info: rst_controller: "Qsys" instantiated altera_reset_controller "rst_controller"
Info: video_in: "alt_vip_itc_0" instantiated alt_vip_video_input_bridge "video_in"
Info: scheduler: "alt_vip_itc_0" instantiated alt_vip_cvo_scheduler "scheduler"
Info: sop_align: "alt_vip_itc_0" instantiated alt_vip_pip_sop_realign "sop_align"
Info: Reusing file C:/Users/Vicky/Desktop/camera/DE1_SOC_D8M_VIP/Qsys/synthesis/submodules/common/alt_vip_common_pkg.sv
Info: Reusing file C:/Users/Vicky/Desktop/camera/DE1_SOC_D8M_VIP/Qsys/synthesis/submodules/modules/alt_vip_common_event_packet_decode/src_hdl/alt_vip_common_event_packet_decode.sv
Info: Reusing file C:/Users/Vicky/Desktop/camera/DE1_SOC_D8M_VIP/Qsys/synthesis/submodules/modules/alt_vip_common_event_packet_encode/src_hdl/alt_vip_common_event_packet_encode.sv
Info: cvo_core: "alt_vip_itc_0" instantiated alt_vip_cvo_core "cvo_core"
Info: Reusing file C:/Users/Vicky/Desktop/camera/DE1_SOC_D8M_VIP/Qsys/synthesis/submodules/common/alt_vip_common_pkg.sv
Info: Reusing file C:/Users/Vicky/Desktop/camera/DE1_SOC_D8M_VIP/Qsys/synthesis/submodules/modules/alt_vip_common_event_packet_encode/src_hdl/alt_vip_common_event_packet_encode.sv
Info: Reusing file C:/Users/Vicky/Desktop/camera/DE1_SOC_D8M_VIP/Qsys/synthesis/submodules/modules/alt_vip_common_event_packet_decode/src_hdl/alt_vip_common_event_packet_decode.sv
Info: video_in: "alt_vip_vfb_0" instantiated alt_vip_video_input_bridge "video_in"
Info: wr_ctrl: "alt_vip_vfb_0" instantiated alt_vip_vfb_wr_ctrl "wr_ctrl"
Info: Reusing file C:/Users/Vicky/Desktop/camera/DE1_SOC_D8M_VIP/Qsys/synthesis/submodules/common/alt_vip_common_pkg.sv
Info: Reusing file C:/Users/Vicky/Desktop/camera/DE1_SOC_D8M_VIP/Qsys/synthesis/submodules/modules/alt_vip_common_event_packet_decode/src_hdl/alt_vip_common_event_packet_decode.sv
Info: Reusing file C:/Users/Vicky/Desktop/camera/DE1_SOC_D8M_VIP/Qsys/synthesis/submodules/modules/alt_vip_common_event_packet_encode/src_hdl/alt_vip_common_event_packet_encode.sv
Info: pkt_trans_wr: "alt_vip_vfb_0" instantiated alt_vip_packet_transfer "pkt_trans_wr"
Info: Reusing file C:/Users/Vicky/Desktop/camera/DE1_SOC_D8M_VIP/Qsys/synthesis/submodules/common/alt_vip_common_pkg.sv
Info: Reusing file C:/Users/Vicky/Desktop/camera/DE1_SOC_D8M_VIP/Qsys/synthesis/submodules/modules/alt_vip_common_event_packet_decode/src_hdl/alt_vip_common_event_packet_decode.sv
Info: Reusing file C:/Users/Vicky/Desktop/camera/DE1_SOC_D8M_VIP/Qsys/synthesis/submodules/modules/alt_vip_common_event_packet_encode/src_hdl/alt_vip_common_event_packet_encode.sv
Info: rd_ctrl: "alt_vip_vfb_0" instantiated alt_vip_vfb_rd_ctrl "rd_ctrl"
Info: Reusing file C:/Users/Vicky/Desktop/camera/DE1_SOC_D8M_VIP/Qsys/synthesis/submodules/common/alt_vip_common_pkg.sv
Info: Reusing file C:/Users/Vicky/Desktop/camera/DE1_SOC_D8M_VIP/Qsys/synthesis/submodules/modules/alt_vip_common_event_packet_decode/src_hdl/alt_vip_common_event_packet_decode.sv
Info: Reusing file C:/Users/Vicky/Desktop/camera/DE1_SOC_D8M_VIP/Qsys/synthesis/submodules/modules/alt_vip_common_event_packet_encode/src_hdl/alt_vip_common_event_packet_encode.sv
Info: video_out: "alt_vip_vfb_0" instantiated alt_vip_video_output_bridge "video_out"
Info: Reusing file C:/Users/Vicky/Desktop/camera/DE1_SOC_D8M_VIP/Qsys/synthesis/submodules/common/alt_vip_common_pkg.sv
Info: Reusing file C:/Users/Vicky/Desktop/camera/DE1_SOC_D8M_VIP/Qsys/synthesis/submodules/modules/alt_vip_common_event_packet_decode/src_hdl/alt_vip_common_event_packet_decode.sv
Info: Reusing file C:/Users/Vicky/Desktop/camera/DE1_SOC_D8M_VIP/Qsys/synthesis/submodules/modules/alt_vip_common_event_packet_encode/src_hdl/alt_vip_common_event_packet_encode.sv
Info: Reusing file C:/Users/Vicky/Desktop/camera/DE1_SOC_D8M_VIP/Qsys/synthesis/submodules/modules/alt_vip_common_sop_align/src_hdl/alt_vip_common_sop_align.sv
Info: sync_ctrl: "alt_vip_vfb_0" instantiated alt_vip_vfb_sync_ctrl "sync_ctrl"
Info: Reusing file C:/Users/Vicky/Desktop/camera/DE1_SOC_D8M_VIP/Qsys/synthesis/submodules/common/alt_vip_common_pkg.sv
Info: Reusing file C:/Users/Vicky/Desktop/camera/DE1_SOC_D8M_VIP/Qsys/synthesis/submodules/modules/alt_vip_common_event_packet_decode/src_hdl/alt_vip_common_event_packet_decode.sv
Info: Reusing file C:/Users/Vicky/Desktop/camera/DE1_SOC_D8M_VIP/Qsys/synthesis/submodules/modules/alt_vip_common_event_packet_encode/src_hdl/alt_vip_common_event_packet_encode.sv
Info: cpu: Starting RTL generation for module 'Qsys_nios2_gen2_cpu'
Info: cpu:   Generation command is [exec C:/intelFPGA_lite/19.1/quartus/bin64//perl/bin/perl.exe -I C:/intelfpga_lite/19.1/quartus/sopc_builder/bin/europa -I C:/intelfpga_lite/19.1/quartus/sopc_builder/bin -I C:/intelfpga_lite/19.1/quartus/../ip/altera/nios2_ip/altera_nios2_gen2/cpu_lib -I C:/intelfpga_lite/19.1/quartus/../ip/altera/nios2_ip/altera_nios2_gen2/nios_lib -I C:/intelfpga_lite/19.1/quartus/../ip/altera/nios2_ip/altera_nios2_gen2 -I C:/intelfpga_lite/19.1/quartus/../ip/altera/nios2_ip/altera_nios2_gen2 -- C:/intelfpga_lite/19.1/quartus/../ip/altera/nios2_ip/altera_nios2_gen2/generate_rtl.pl --name=Qsys_nios2_gen2_cpu --dir=C:/Users/Vicky/AppData/Local/Temp/alt9068_1637673648052697271.dir/0030_cpu_gen/ --quartus_bindir=C:/intelFPGA_lite/19.1/quartus/bin64/ --verilog --config=C:/Users/Vicky/AppData/Local/Temp/alt9068_1637673648052697271.dir/0030_cpu_gen//Qsys_nios2_gen2_cpu_processor_configuration.pl  --do_build_sim=0  ]
Info: cpu: # 2022.03.17 13:06:05 (*) Starting Nios II generation
Info: cpu: # 2022.03.17 13:06:05 (*)   Elaborating CPU configuration settings
Info: cpu: # 2022.03.17 13:06:05 (*)   Creating all objects for CPU
Info: cpu: # 2022.03.17 13:06:05 (*)     Testbench
Info: cpu: # 2022.03.17 13:06:06 (*)     Instruction decoding
Info: cpu: # 2022.03.17 13:06:06 (*)       Instruction fields
Info: cpu: # 2022.03.17 13:06:06 (*)       Instruction decodes
Info: cpu: # 2022.03.17 13:06:07 (*)       Signals for RTL simulation waveforms
Info: cpu: # 2022.03.17 13:06:07 (*)       Instruction controls
Info: cpu: # 2022.03.17 13:06:07 (*)     Pipeline frontend
Info: cpu: # 2022.03.17 13:06:07 (*)     Pipeline backend
Info: cpu: # 2022.03.17 13:06:10 (*)   Generating RTL from CPU objects
Info: cpu: # 2022.03.17 13:06:10 (*)   Creating plain-text RTL
Info: cpu: # 2022.03.17 13:06:13 (*) Done Nios II generation
Info: cpu: Done RTL generation for module 'Qsys_nios2_gen2_cpu'
Info: cpu: "nios2_gen2" instantiated altera_nios2_gen2_unit "cpu"
Info: nios2_gen2_data_master_translator: "mm_interconnect_0" instantiated altera_merlin_master_translator "nios2_gen2_data_master_translator"
Info: jtag_uart_avalon_jtag_slave_translator: "mm_interconnect_0" instantiated altera_merlin_slave_translator "jtag_uart_avalon_jtag_slave_translator"
Info: nios2_gen2_data_master_agent: "mm_interconnect_0" instantiated altera_merlin_master_agent "nios2_gen2_data_master_agent"
Info: jtag_uart_avalon_jtag_slave_agent: "mm_interconnect_0" instantiated altera_merlin_slave_agent "jtag_uart_avalon_jtag_slave_agent"
Info: jtag_uart_avalon_jtag_slave_agent_rsp_fifo: "mm_interconnect_0" instantiated altera_avalon_sc_fifo "jtag_uart_avalon_jtag_slave_agent_rsp_fifo"
Info: router: "mm_interconnect_0" instantiated altera_merlin_router "router"
Info: router_001: "mm_interconnect_0" instantiated altera_merlin_router "router_001"
Info: router_002: "mm_interconnect_0" instantiated altera_merlin_router "router_002"
Info: router_006: "mm_interconnect_0" instantiated altera_merlin_router "router_006"
Info: nios2_gen2_data_master_limiter: "mm_interconnect_0" instantiated altera_merlin_traffic_limiter "nios2_gen2_data_master_limiter"
Info: Reusing file C:/Users/Vicky/Desktop/camera/DE1_SOC_D8M_VIP/Qsys/synthesis/submodules/altera_avalon_sc_fifo.v
Info: cmd_demux: "mm_interconnect_0" instantiated altera_merlin_demultiplexer "cmd_demux"
Info: cmd_demux_001: "mm_interconnect_0" instantiated altera_merlin_demultiplexer "cmd_demux_001"
Info: cmd_mux: "mm_interconnect_0" instantiated altera_merlin_multiplexer "cmd_mux"
Info: cmd_mux_004: "mm_interconnect_0" instantiated altera_merlin_multiplexer "cmd_mux_004"
Info: Reusing file C:/Users/Vicky/Desktop/camera/DE1_SOC_D8M_VIP/Qsys/synthesis/submodules/altera_merlin_arbitrator.sv
Info: rsp_demux: "mm_interconnect_0" instantiated altera_merlin_demultiplexer "rsp_demux"
Info: rsp_demux_004: "mm_interconnect_0" instantiated altera_merlin_demultiplexer "rsp_demux_004"
Info: rsp_demux_005: "mm_interconnect_0" instantiated altera_merlin_demultiplexer "rsp_demux_005"
Info: rsp_mux: "mm_interconnect_0" instantiated altera_merlin_multiplexer "rsp_mux"
Info: Reusing file C:/Users/Vicky/Desktop/camera/DE1_SOC_D8M_VIP/Qsys/synthesis/submodules/altera_merlin_arbitrator.sv
Info: rsp_mux_001: "mm_interconnect_0" instantiated altera_merlin_multiplexer "rsp_mux_001"
Info: Reusing file C:/Users/Vicky/Desktop/camera/DE1_SOC_D8M_VIP/Qsys/synthesis/submodules/altera_merlin_arbitrator.sv
Info: crosser: "mm_interconnect_0" instantiated altera_avalon_st_handshake_clock_crosser "crosser"
Info: Reusing file C:/Users/Vicky/Desktop/camera/DE1_SOC_D8M_VIP/Qsys/synthesis/submodules/altera_avalon_st_pipeline_base.v
Info: avalon_st_adapter: "mm_interconnect_0" instantiated altera_avalon_st_adapter "avalon_st_adapter"
Info: router: "mm_interconnect_1" instantiated altera_merlin_router "router"
Info: router_002: "mm_interconnect_1" instantiated altera_merlin_router "router_002"
Info: sdram_s1_burst_adapter: "mm_interconnect_1" instantiated altera_merlin_burst_adapter "sdram_s1_burst_adapter"
Info: Reusing file C:/Users/Vicky/Desktop/camera/DE1_SOC_D8M_VIP/Qsys/synthesis/submodules/altera_avalon_st_pipeline_base.v
Info: cmd_demux: "mm_interconnect_1" instantiated altera_merlin_demultiplexer "cmd_demux"
Info: cmd_mux: "mm_interconnect_1" instantiated altera_merlin_multiplexer "cmd_mux"
Info: Reusing file C:/Users/Vicky/Desktop/camera/DE1_SOC_D8M_VIP/Qsys/synthesis/submodules/altera_merlin_arbitrator.sv
Info: rsp_demux: "mm_interconnect_1" instantiated altera_merlin_demultiplexer "rsp_demux"
Info: rsp_mux: "mm_interconnect_1" instantiated altera_merlin_multiplexer "rsp_mux"
Info: Reusing file C:/Users/Vicky/Desktop/camera/DE1_SOC_D8M_VIP/Qsys/synthesis/submodules/altera_merlin_arbitrator.sv
Info: sdram_s1_rsp_width_adapter: "mm_interconnect_1" instantiated altera_merlin_width_adapter "sdram_s1_rsp_width_adapter"
Info: Reusing file C:/Users/Vicky/Desktop/camera/DE1_SOC_D8M_VIP/Qsys/synthesis/submodules/altera_merlin_address_alignment.sv
Info: Reusing file C:/Users/Vicky/Desktop/camera/DE1_SOC_D8M_VIP/Qsys/synthesis/submodules/altera_merlin_burst_uncompressor.sv
Info: avalon_st_adapter: "mm_interconnect_1" instantiated altera_avalon_st_adapter "avalon_st_adapter"
Info: vid_front: "video_in" instantiated alt_vip_video_input_bridge_resp "vid_front"
Info: Reusing file C:/Users/Vicky/Desktop/camera/DE1_SOC_D8M_VIP/Qsys/synthesis/submodules/common/alt_vip_common_pkg.sv
Info: Reusing file C:/Users/Vicky/Desktop/camera/DE1_SOC_D8M_VIP/Qsys/synthesis/submodules/modules/alt_vip_common_event_packet_decode/src_hdl/alt_vip_common_event_packet_decode.sv
Info: Reusing file C:/Users/Vicky/Desktop/camera/DE1_SOC_D8M_VIP/Qsys/synthesis/submodules/modules/alt_vip_common_event_packet_encode/src_hdl/alt_vip_common_event_packet_encode.sv
Info: vid_back: "video_in" instantiated alt_vip_video_input_bridge_cmd "vid_back"
Info: Reusing file C:/Users/Vicky/Desktop/camera/DE1_SOC_D8M_VIP/Qsys/synthesis/submodules/common/alt_vip_common_pkg.sv
Info: Reusing file C:/Users/Vicky/Desktop/camera/DE1_SOC_D8M_VIP/Qsys/synthesis/submodules/modules/alt_vip_common_event_packet_decode/src_hdl/alt_vip_common_event_packet_decode.sv
Info: Reusing file C:/Users/Vicky/Desktop/camera/DE1_SOC_D8M_VIP/Qsys/synthesis/submodules/modules/alt_vip_common_event_packet_encode/src_hdl/alt_vip_common_event_packet_encode.sv
Info: error_adapter_0: "avalon_st_adapter" instantiated error_adapter "error_adapter_0"
Info: error_adapter_0: "avalon_st_adapter" instantiated error_adapter "error_adapter_0"
Info: Qsys: Done "Qsys" with 66 modules, 160 files
Info: qsys-generate succeeded.
Info: Finished: Create HDL design files for synthesis
